Arguments: 
  C:\Program Files\nodejs\node.exe C:\Program Files\nodejs\node_modules\yarn\bin\yarn.js add -D @babel/cli @babel/core @babel/preset-tyoescript

PATH: 
  C:\Program Files\PowerShell\7;C:\Program Files (x86)\Razer Chroma SDK\bin;C:\Program Files\Razer Chroma SDK\bin;C:\Python27\;C:\Program Files (x86)\Razer\ChromaBroadcast\bin;C:\Program Files\Razer\ChromaBroadcast\bin;C:\Program Files\Eclipse Foundation\jdk-11.0.12.7-hotspot\bin;C:\Python39\Scripts\;C:\Python39\;C:\WINDOWS\system32;C:\WINDOWS;C:\WINDOWS\System32\Wbem;C:\WINDOWS\System32\WindowsPowerShell\v1.0\;C:\WINDOWS\System32\OpenSSH\;C:\ProgramData\chocolatey\bin;C:\Program Files\Git\cmd;C:\Maven\bin;C:\Program Files\dotnet\;C:\PHP;C:\Program Files\NVIDIA Corporation\NVIDIA NvDLISR;C:\Program Files (x86)\NVIDIA Corporation\PhysX\Common;C:\WINDOWS\system32\config\systemprofile\AppData\Local\Microsoft\WindowsApps;C:\Python27;%NVM_HOME%;%NVM_SYMLINK%;C:\Program Files\Docker\Docker\resources\bin;C:\ProgramData\DockerDesktop\version-bin;C:\Program Files\PowerShell\7\;C:\Users\bensi\AppData\Local\Programs\Python\Python310\Scripts\;C:\Users\bensi\AppData\Local\Programs\Python\Python310\;C:\Users\bensi\AppData\Local\Microsoft\WindowsApps;C:\Users\bensi\AppData\Local\Programs\Microsoft VS Code\bin;C:\Program Files (x86)\GitHub CLI\;C:\Users\bensi\AppData\Local\GitHubDesktop\bin;C:\Users\bensi\AppData\Local\gitkraken\bin;C:\Users\bensi\AppData\Roaming\nvm;C:\Program Files\nodejs

Yarn version: 
  1.22.17

Node version: 
  16.8.0

Platform: 
  win32 x64

Trace: 
  Error: https://registry.npmjs.com/@babel%2fpreset-tyoescript: Not found
      at Request.params.callback [as _callback] (C:\Users\bensi\AppData\Roaming\nvm\v16.8.0\node_modules\yarn\lib\cli.js:67029:18)
      at Request.self.callback (C:\Users\bensi\AppData\Roaming\nvm\v16.8.0\node_modules\yarn\lib\cli.js:140883:22)
      at Request.emit (node:events:394:28)
      at Request.<anonymous> (C:\Users\bensi\AppData\Roaming\nvm\v16.8.0\node_modules\yarn\lib\cli.js:141855:10)
      at Request.emit (node:events:394:28)
      at IncomingMessage.<anonymous> (C:\Users\bensi\AppData\Roaming\nvm\v16.8.0\node_modules\yarn\lib\cli.js:141777:12)
      at Object.onceWrapper (node:events:513:28)
      at IncomingMessage.emit (node:events:406:35)
      at endReadableNT (node:internal/streams/readable:1343:12)
      at processTicksAndRejections (node:internal/process/task_queues:83:21)

npm manifest: 
  {
    "name": "@incodelang/compiler",
    "version": "0.0.1",
    "description": "The new compiler for the InCode Programming Language",
    "main": "build/index.js",
    "scripts": {
      "build": "tsc",
      "test:german": "yarn build && node bin/cli.js --file ../examples/de/testing.icx --language german"
    },
    "repository": {
      "type": "git",
      "url": "git+https://github.com/InCodeDevs/Compiler.git"
    },
    "keywords": [
      "InCode",
      "Programming",
      "Compiler"
    ],
    "author": "The InCode Developers",
    "license": "GPL-3.0-only",
    "bugs": {
      "url": "https://github.com/InCodeDevs/Compiler/issues"
    },
    "homepage": "https://github.com/InCodeDevs/Compiler#readme",
    "dependencies": {
      "commander": "^8.3.0",
      "typescript": "^4.5.2",
      "yarn": "^1.22.17"
    }
  }

yarn manifest: 
  No manifest

Lockfile: 
  # THIS IS AN AUTOGENERATED FILE. DO NOT EDIT THIS FILE DIRECTLY.
  # yarn lockfile v1
  
  
  commander@^8.3.0:
    version "8.3.0"
    resolved "https://registry.npmjs.org/commander/-/commander-8.3.0.tgz#4837ea1b2da67b9c616a67afbb0fafee567bca66"
    integrity sha512-OkTL9umf+He2DZkUq8f8J9of7yL6RJKI24dVITBmNfZBmri9zYZQrKkuXiKhyfPSu8tUhnVBB1iKXevvnlR4Ww==
  
  typescript@^4.5.2:
    version "4.5.2"
    resolved "https://registry.npmjs.org/typescript/-/typescript-4.5.2.tgz#8ac1fba9f52256fdb06fb89e4122fa6a346c2998"
    integrity sha512-5BlMof9H1yGt0P8/WF+wPNw6GfctgGjXp5hkblpyT+8rkASSmkUKMXrxR0Xg8ThVCi/JnHQiKXeBaEwCeQwMFw==
  
  yarn@^1.22.17:
    version "1.22.17"
    resolved "https://registry.npmjs.org/yarn/-/yarn-1.22.17.tgz#bf910747d22497b573131f7341c0e1d15c74036c"
    integrity sha512-H0p241BXaH0UN9IeH//RT82tl5PfNraVpSpEoW+ET7lmopNC61eZ+A+IDvU8FM6Go5vx162SncDL8J1ZjRBriQ==
